<?xml version="1.0" encoding="UTF-8"?>
<!-- Generated by org.testng.reporters.JUnitReportReporter -->
<testsuite skipped="0" hostname="DESKTOP-POVA60A" name="in.magneticautomation.day1.FirstScript" tests="1" failures="0" timestamp="06 Jan 2021 08:21:58 GMT" time="6.285" errors="0">
  <testcase name="titleTest" time="6.285" classname="in.magneticautomation.day1.FirstScript"/>
</testsuite> <!-- in.magneticautomation.day1.FirstScript -->
